Build started 2/4/2013 11:34:44 PM.
     1>Project "C:\Users\jew\Desktop\school\ENGR 189\ENGR 189 C++\In-Classwork\Encrypt\Encrypt\Encrypt.vcxproj" on node 2 (build target(s)).
     1>InitializeBuildStatus:
         Creating "Debug\Encrypt.unsuccessfulbuild" because "AlwaysCreate" was specified.
       ClCompile:
         c:\Program Files (x86)\Microsoft Visual Studio 10.0\VC\bin\CL.exe /c /ZI /nologo /W3 /WX- /Od /Oy- /D WIN32 /D _DEBUG /D _CONSOLE /D _UNICODE /D UNICODE /Gm /EHsc /RTC1 /MDd /GS /fp:precise /Zc:wchar_t /Zc:forScope /Fo"Debug\\" /Fd"Debug\vc100.pdb" /Gd /TP /analyze- /errorReport:prompt main.cpp
         main.cpp
       ManifestResourceCompile:
         All outputs are up-to-date.
       Link:
         c:\Program Files (x86)\Microsoft Visual Studio 10.0\VC\bin\link.exe /ERRORREPORT:PROMPT /OUT:"C:\Users\jew\Desktop\school\ENGR 189\ENGR 189 C++\In-Classwork\Encrypt\Debug\Encrypt.exe" /INCREMENTAL /NOLOGO kernel32.lib user32.lib gdi32.lib winspool.lib comdlg32.lib advapi32.lib shell32.lib ole32.lib oleaut32.lib uuid.lib odbc32.lib odbccp32.lib /MANIFEST /ManifestFile:"Debug\Encrypt.exe.intermediate.manifest" /MANIFESTUAC:"level='asInvoker' uiAccess='false'" /DEBUG /PDB:"C:\Users\jew\Desktop\school\ENGR 189\ENGR 189 C++\In-Classwork\Encrypt\Debug\Encrypt.pdb" /SUBSYSTEM:CONSOLE /TLBID:1 /DYNAMICBASE /NXCOMPAT /IMPLIB:"C:\Users\jew\Desktop\school\ENGR 189\ENGR 189 C++\In-Classwork\Encrypt\Debug\Encrypt.lib" /MACHINE:X86 Debug\Encrypt.exe.embed.manifest.res
         Debug\main.obj
       Manifest:
         C:\Program Files (x86)\Microsoft SDKs\Windows\v7.0A\bin\mt.exe /nologo /verbose /out:"Debug\Encrypt.exe.embed.manifest" /manifest Debug\Encrypt.exe.intermediate.manifest
         All outputs are up-to-date.
       LinkEmbedManifest:
         All outputs are up-to-date.
         Encrypt.vcxproj -> C:\Users\jew\Desktop\school\ENGR 189\ENGR 189 C++\In-Classwork\Encrypt\Debug\Encrypt.exe
       FinalizeBuildStatus:
         Deleting file "Debug\Encrypt.unsuccessfulbuild".
         Touching "Debug\Encrypt.lastbuildstate".
     1>Done Building Project "C:\Users\jew\Desktop\school\ENGR 189\ENGR 189 C++\In-Classwork\Encrypt\Encrypt\Encrypt.vcxproj" (build target(s)).

Build succeeded.

Time Elapsed 00:00:02.93
